ARM GAS  C:\Users\rini\AppData\Local\Temp\ccHxFI8C.s 			page 1


   1              		.cpu arm7tdmi
   2              		.arch armv4t
   3              		.fpu softvfp
   4              		.eabi_attribute 20, 1
   5              		.eabi_attribute 21, 1
   6              		.eabi_attribute 23, 3
   7              		.eabi_attribute 24, 1
   8              		.eabi_attribute 25, 1
   9              		.eabi_attribute 26, 1
  10              		.eabi_attribute 30, 1
  11              		.eabi_attribute 34, 0
  12              		.eabi_attribute 18, 4
  13              		.file	"syscalls.c"
  14              		.text
  15              	.Ltext0:
  16              		.cfi_sections	.debug_frame
  17              		.section	.text.initialise_monitor_handles,"ax",%progbits
  18              		.align	1
  19              		.global	initialise_monitor_handles
  20              		.syntax unified
  21              		.code	16
  22              		.thumb_func
  24              	initialise_monitor_handles:
  25              	.LFB25:
  26              		.file 1 "Core/Src/syscalls.c"
   1:Core/Src/syscalls.c **** /**
   2:Core/Src/syscalls.c ****  ******************************************************************************
   3:Core/Src/syscalls.c ****  * @file      syscalls.c
   4:Core/Src/syscalls.c ****  * @author    Auto-generated by STM32CubeIDE
   5:Core/Src/syscalls.c ****  * @brief     STM32CubeIDE Minimal System calls file
   6:Core/Src/syscalls.c ****  *
   7:Core/Src/syscalls.c ****  *            For more information about which c-functions
   8:Core/Src/syscalls.c ****  *            need which of these lowlevel functions
   9:Core/Src/syscalls.c ****  *            please consult the Newlib libc-manual
  10:Core/Src/syscalls.c ****  ******************************************************************************
  11:Core/Src/syscalls.c ****  * @attention
  12:Core/Src/syscalls.c ****  *
  13:Core/Src/syscalls.c ****  * <h2><center>&copy; Copyright (c) 2020 STMicroelectronics.
  14:Core/Src/syscalls.c ****  * All rights reserved.</center></h2>
  15:Core/Src/syscalls.c ****  *
  16:Core/Src/syscalls.c ****  * This software component is licensed by ST under BSD 3-Clause license,
  17:Core/Src/syscalls.c ****  * the "License"; You may not use this file except in compliance with the
  18:Core/Src/syscalls.c ****  * License. You may obtain a copy of the License at:
  19:Core/Src/syscalls.c ****  *                        opensource.org/licenses/BSD-3-Clause
  20:Core/Src/syscalls.c ****  *
  21:Core/Src/syscalls.c ****  ******************************************************************************
  22:Core/Src/syscalls.c ****  */
  23:Core/Src/syscalls.c **** 
  24:Core/Src/syscalls.c **** /* Includes */
  25:Core/Src/syscalls.c **** #include <sys/stat.h>
  26:Core/Src/syscalls.c **** #include <stdlib.h>
  27:Core/Src/syscalls.c **** #include <errno.h>
  28:Core/Src/syscalls.c **** #include <stdio.h>
  29:Core/Src/syscalls.c **** #include <signal.h>
  30:Core/Src/syscalls.c **** #include <time.h>
  31:Core/Src/syscalls.c **** #include <sys/time.h>
  32:Core/Src/syscalls.c **** #include <sys/times.h>
ARM GAS  C:\Users\rini\AppData\Local\Temp\ccHxFI8C.s 			page 2


  33:Core/Src/syscalls.c **** 
  34:Core/Src/syscalls.c **** 
  35:Core/Src/syscalls.c **** /* Variables */
  36:Core/Src/syscalls.c **** extern int __io_putchar(int ch) __attribute__((weak));
  37:Core/Src/syscalls.c **** extern int __io_getchar(void) __attribute__((weak));
  38:Core/Src/syscalls.c **** 
  39:Core/Src/syscalls.c **** 
  40:Core/Src/syscalls.c **** char *__env[1] = { 0 };
  41:Core/Src/syscalls.c **** char **environ = __env;
  42:Core/Src/syscalls.c **** 
  43:Core/Src/syscalls.c **** 
  44:Core/Src/syscalls.c **** /* Functions */
  45:Core/Src/syscalls.c **** void initialise_monitor_handles()
  46:Core/Src/syscalls.c **** {
  27              		.loc 1 46 1 view -0
  28              		.cfi_startproc
  29              		@ Function supports interworking.
  30              		@ args = 0, pretend = 0, frame = 0
  31              		@ frame_needed = 0, uses_anonymous_args = 0
  32              		@ link register save eliminated.
  47:Core/Src/syscalls.c **** }
  33              		.loc 1 47 1 view .LVU1
  34              		@ sp needed
  35 0000 7047     		bx	lr
  36              		.cfi_endproc
  37              	.LFE25:
  39              		.section	.text._getpid,"ax",%progbits
  40              		.align	1
  41              		.global	_getpid
  42              		.syntax unified
  43              		.code	16
  44              		.thumb_func
  46              	_getpid:
  47              	.LFB26:
  48:Core/Src/syscalls.c **** 
  49:Core/Src/syscalls.c **** int _getpid(void)
  50:Core/Src/syscalls.c **** {
  48              		.loc 1 50 1 view -0
  49              		.cfi_startproc
  50              		@ Function supports interworking.
  51              		@ args = 0, pretend = 0, frame = 0
  52              		@ frame_needed = 0, uses_anonymous_args = 0
  53              		@ link register save eliminated.
  51:Core/Src/syscalls.c **** 	return 1;
  54              		.loc 1 51 2 view .LVU3
  52:Core/Src/syscalls.c **** }
  55              		.loc 1 52 1 is_stmt 0 view .LVU4
  56 0000 0120     		movs	r0, #1
  57              		@ sp needed
  58 0002 7047     		bx	lr
  59              		.cfi_endproc
  60              	.LFE26:
  62              		.section	.text._kill,"ax",%progbits
  63              		.align	1
  64              		.global	_kill
  65              		.syntax unified
  66              		.code	16
ARM GAS  C:\Users\rini\AppData\Local\Temp\ccHxFI8C.s 			page 3


  67              		.thumb_func
  69              	_kill:
  70              	.LVL0:
  71              	.LFB27:
  53:Core/Src/syscalls.c **** 
  54:Core/Src/syscalls.c **** int _kill(int pid, int sig)
  55:Core/Src/syscalls.c **** {
  72              		.loc 1 55 1 is_stmt 1 view -0
  73              		.cfi_startproc
  74              		@ Function supports interworking.
  75              		@ args = 0, pretend = 0, frame = 0
  76              		@ frame_needed = 0, uses_anonymous_args = 0
  77              		.loc 1 55 1 is_stmt 0 view .LVU6
  78 0000 10B5     		push	{r4, lr}
  79              	.LCFI0:
  80              		.cfi_def_cfa_offset 8
  81              		.cfi_offset 4, -8
  82              		.cfi_offset 14, -4
  56:Core/Src/syscalls.c **** 	errno = EINVAL;
  83              		.loc 1 56 2 is_stmt 1 view .LVU7
  84 0002 FFF7FEFF 		bl	__errno
  85              	.LVL1:
  86              		.loc 1 56 8 is_stmt 0 view .LVU8
  87 0006 1623     		movs	r3, #22
  88 0008 0360     		str	r3, [r0]
  57:Core/Src/syscalls.c **** 	return -1;
  89              		.loc 1 57 2 is_stmt 1 view .LVU9
  90              		.loc 1 57 9 is_stmt 0 view .LVU10
  91 000a 0120     		movs	r0, #1
  58:Core/Src/syscalls.c **** }
  92              		.loc 1 58 1 view .LVU11
  93 000c 4042     		rsbs	r0, r0, #0
  94              		@ sp needed
  95 000e 10BC     		pop	{r4}
  96 0010 02BC     		pop	{r1}
  97 0012 0847     		bx	r1
  98              		.cfi_endproc
  99              	.LFE27:
 101              		.section	.text._exit,"ax",%progbits
 102              		.align	1
 103              		.global	_exit
 104              		.syntax unified
 105              		.code	16
 106              		.thumb_func
 108              	_exit:
 109              	.LVL2:
 110              	.LFB28:
  59:Core/Src/syscalls.c **** 
  60:Core/Src/syscalls.c **** void _exit (int status)
  61:Core/Src/syscalls.c **** {
 111              		.loc 1 61 1 is_stmt 1 view -0
 112              		.cfi_startproc
 113              		@ Function supports interworking.
 114              		@ Volatile: function does not return.
 115              		@ args = 0, pretend = 0, frame = 0
 116              		@ frame_needed = 0, uses_anonymous_args = 0
 117              		.loc 1 61 1 is_stmt 0 view .LVU13
ARM GAS  C:\Users\rini\AppData\Local\Temp\ccHxFI8C.s 			page 4


 118 0000 10B5     		push	{r4, lr}
 119              	.LCFI1:
 120              		.cfi_def_cfa_offset 8
 121              		.cfi_offset 4, -8
 122              		.cfi_offset 14, -4
  62:Core/Src/syscalls.c **** 	_kill(status, -1);
 123              		.loc 1 62 2 is_stmt 1 view .LVU14
 124 0002 0121     		movs	r1, #1
 125 0004 4942     		rsbs	r1, r1, #0
 126 0006 FFF7FEFF 		bl	_kill
 127              	.LVL3:
 128              	.L5:
  63:Core/Src/syscalls.c **** 	while (1) {}		/* Make sure we hang here */
 129              		.loc 1 63 2 discriminator 1 view .LVU15
 130              		.loc 1 63 13 discriminator 1 view .LVU16
 131              		.loc 1 63 8 discriminator 1 view .LVU17
 132 000a FEE7     		b	.L5
 133              		.cfi_endproc
 134              	.LFE28:
 136              		.section	.text._read,"ax",%progbits
 137              		.align	1
 138              		.weak	_read
 139              		.syntax unified
 140              		.code	16
 141              		.thumb_func
 143              	_read:
 144              	.LVL4:
 145              	.LFB29:
  64:Core/Src/syscalls.c **** }
  65:Core/Src/syscalls.c **** 
  66:Core/Src/syscalls.c **** __attribute__((weak)) int _read(int file, char *ptr, int len)
  67:Core/Src/syscalls.c **** {
 146              		.loc 1 67 1 view -0
 147              		.cfi_startproc
 148              		@ Function supports interworking.
 149              		@ args = 0, pretend = 0, frame = 0
 150              		@ frame_needed = 0, uses_anonymous_args = 0
 151              		.loc 1 67 1 is_stmt 0 view .LVU19
 152 0000 70B5     		push	{r4, r5, r6, lr}
 153              	.LCFI2:
 154              		.cfi_def_cfa_offset 16
 155              		.cfi_offset 4, -16
 156              		.cfi_offset 5, -12
 157              		.cfi_offset 6, -8
 158              		.cfi_offset 14, -4
 159 0002 0C00     		movs	r4, r1
 160 0004 1600     		movs	r6, r2
  68:Core/Src/syscalls.c **** 	int DataIdx;
 161              		.loc 1 68 2 is_stmt 1 view .LVU20
  69:Core/Src/syscalls.c **** 
  70:Core/Src/syscalls.c **** 	for (DataIdx = 0; DataIdx < len; DataIdx++)
 162              		.loc 1 70 2 view .LVU21
 163              	.LVL5:
 164              		.loc 1 70 15 is_stmt 0 view .LVU22
 165 0006 0025     		movs	r5, #0
 166              		.loc 1 70 2 view .LVU23
 167 0008 04E0     		b	.L7
ARM GAS  C:\Users\rini\AppData\Local\Temp\ccHxFI8C.s 			page 5


 168              	.LVL6:
 169              	.L8:
  71:Core/Src/syscalls.c **** 	{
  72:Core/Src/syscalls.c **** 		*ptr++ = __io_getchar();
 170              		.loc 1 72 3 is_stmt 1 discriminator 3 view .LVU24
 171              		.loc 1 72 12 is_stmt 0 discriminator 3 view .LVU25
 172 000a FFF7FEFF 		bl	__io_getchar
 173              	.LVL7:
 174              		.loc 1 72 10 discriminator 3 view .LVU26
 175 000e 2070     		strb	r0, [r4]
  70:Core/Src/syscalls.c **** 	{
 176              		.loc 1 70 35 is_stmt 1 discriminator 3 view .LVU27
  70:Core/Src/syscalls.c **** 	{
 177              		.loc 1 70 42 is_stmt 0 discriminator 3 view .LVU28
 178 0010 0135     		adds	r5, r5, #1
 179              	.LVL8:
 180              		.loc 1 72 7 discriminator 3 view .LVU29
 181 0012 0134     		adds	r4, r4, #1
 182              	.LVL9:
 183              	.L7:
  70:Core/Src/syscalls.c **** 	{
 184              		.loc 1 70 20 is_stmt 1 discriminator 1 view .LVU30
  70:Core/Src/syscalls.c **** 	{
 185              		.loc 1 70 2 is_stmt 0 discriminator 1 view .LVU31
 186 0014 B542     		cmp	r5, r6
 187 0016 F8DB     		blt	.L8
  73:Core/Src/syscalls.c **** 	}
  74:Core/Src/syscalls.c **** 
  75:Core/Src/syscalls.c **** return len;
 188              		.loc 1 75 1 is_stmt 1 view .LVU32
  76:Core/Src/syscalls.c **** }
 189              		.loc 1 76 1 is_stmt 0 view .LVU33
 190 0018 3000     		movs	r0, r6
 191              		@ sp needed
 192              	.LVL10:
 193              	.LVL11:
 194              	.LVL12:
 195              		.loc 1 76 1 view .LVU34
 196 001a 70BC     		pop	{r4, r5, r6}
 197 001c 02BC     		pop	{r1}
 198 001e 0847     		bx	r1
 199              		.cfi_endproc
 200              	.LFE29:
 202              		.section	.text._write,"ax",%progbits
 203              		.align	1
 204              		.weak	_write
 205              		.syntax unified
 206              		.code	16
 207              		.thumb_func
 209              	_write:
 210              	.LVL13:
 211              	.LFB30:
  77:Core/Src/syscalls.c **** 
  78:Core/Src/syscalls.c **** __attribute__((weak)) int _write(int file, char *ptr, int len)
  79:Core/Src/syscalls.c **** {
 212              		.loc 1 79 1 is_stmt 1 view -0
 213              		.cfi_startproc
ARM GAS  C:\Users\rini\AppData\Local\Temp\ccHxFI8C.s 			page 6


 214              		@ Function supports interworking.
 215              		@ args = 0, pretend = 0, frame = 0
 216              		@ frame_needed = 0, uses_anonymous_args = 0
 217              		.loc 1 79 1 is_stmt 0 view .LVU36
 218 0000 70B5     		push	{r4, r5, r6, lr}
 219              	.LCFI3:
 220              		.cfi_def_cfa_offset 16
 221              		.cfi_offset 4, -16
 222              		.cfi_offset 5, -12
 223              		.cfi_offset 6, -8
 224              		.cfi_offset 14, -4
 225 0002 1600     		movs	r6, r2
  80:Core/Src/syscalls.c **** 	int DataIdx;
 226              		.loc 1 80 2 is_stmt 1 view .LVU37
  81:Core/Src/syscalls.c **** 
  82:Core/Src/syscalls.c **** 	for (DataIdx = 0; DataIdx < len; DataIdx++)
 227              		.loc 1 82 2 view .LVU38
 228              	.LVL14:
 229              		.loc 1 82 15 is_stmt 0 view .LVU39
 230 0004 0024     		movs	r4, #0
 231              		.loc 1 82 2 view .LVU40
 232 0006 05E0     		b	.L10
 233              	.LVL15:
 234              	.L11:
  83:Core/Src/syscalls.c **** 	{
  84:Core/Src/syscalls.c **** 		__io_putchar(*ptr++);
 235              		.loc 1 84 3 is_stmt 1 discriminator 3 view .LVU41
 236              		.loc 1 84 20 is_stmt 0 discriminator 3 view .LVU42
 237 0008 4D1C     		adds	r5, r1, #1
 238              	.LVL16:
 239              		.loc 1 84 16 discriminator 3 view .LVU43
 240 000a 0878     		ldrb	r0, [r1]
 241              		.loc 1 84 3 discriminator 3 view .LVU44
 242 000c FFF7FEFF 		bl	__io_putchar
 243              	.LVL17:
  82:Core/Src/syscalls.c **** 	{
 244              		.loc 1 82 35 is_stmt 1 discriminator 3 view .LVU45
  82:Core/Src/syscalls.c **** 	{
 245              		.loc 1 82 42 is_stmt 0 discriminator 3 view .LVU46
 246 0010 0134     		adds	r4, r4, #1
 247              	.LVL18:
 248              		.loc 1 84 20 discriminator 3 view .LVU47
 249 0012 2900     		movs	r1, r5
 250              	.LVL19:
 251              	.L10:
  82:Core/Src/syscalls.c **** 	{
 252              		.loc 1 82 20 is_stmt 1 discriminator 1 view .LVU48
  82:Core/Src/syscalls.c **** 	{
 253              		.loc 1 82 2 is_stmt 0 discriminator 1 view .LVU49
 254 0014 B442     		cmp	r4, r6
 255 0016 F7DB     		blt	.L11
  85:Core/Src/syscalls.c **** 	}
  86:Core/Src/syscalls.c **** 	return len;
 256              		.loc 1 86 2 is_stmt 1 view .LVU50
  87:Core/Src/syscalls.c **** }
 257              		.loc 1 87 1 is_stmt 0 view .LVU51
 258 0018 3000     		movs	r0, r6
ARM GAS  C:\Users\rini\AppData\Local\Temp\ccHxFI8C.s 			page 7


 259              		@ sp needed
 260              	.LVL20:
 261              	.LVL21:
 262              		.loc 1 87 1 view .LVU52
 263 001a 70BC     		pop	{r4, r5, r6}
 264 001c 02BC     		pop	{r1}
 265 001e 0847     		bx	r1
 266              		.cfi_endproc
 267              	.LFE30:
 269              		.section	.text._close,"ax",%progbits
 270              		.align	1
 271              		.global	_close
 272              		.syntax unified
 273              		.code	16
 274              		.thumb_func
 276              	_close:
 277              	.LVL22:
 278              	.LFB31:
  88:Core/Src/syscalls.c **** 
  89:Core/Src/syscalls.c **** int _close(int file)
  90:Core/Src/syscalls.c **** {
 279              		.loc 1 90 1 is_stmt 1 view -0
 280              		.cfi_startproc
 281              		@ Function supports interworking.
 282              		@ args = 0, pretend = 0, frame = 0
 283              		@ frame_needed = 0, uses_anonymous_args = 0
 284              		@ link register save eliminated.
  91:Core/Src/syscalls.c **** 	return -1;
 285              		.loc 1 91 2 view .LVU54
 286              		.loc 1 91 9 is_stmt 0 view .LVU55
 287 0000 0120     		movs	r0, #1
 288              	.LVL23:
  92:Core/Src/syscalls.c **** }
 289              		.loc 1 92 1 view .LVU56
 290 0002 4042     		rsbs	r0, r0, #0
 291              		@ sp needed
 292 0004 7047     		bx	lr
 293              		.cfi_endproc
 294              	.LFE31:
 296              		.section	.text._fstat,"ax",%progbits
 297              		.align	1
 298              		.global	_fstat
 299              		.syntax unified
 300              		.code	16
 301              		.thumb_func
 303              	_fstat:
 304              	.LVL24:
 305              	.LFB32:
  93:Core/Src/syscalls.c **** 
  94:Core/Src/syscalls.c **** 
  95:Core/Src/syscalls.c **** int _fstat(int file, struct stat *st)
  96:Core/Src/syscalls.c **** {
 306              		.loc 1 96 1 is_stmt 1 view -0
 307              		.cfi_startproc
 308              		@ Function supports interworking.
 309              		@ args = 0, pretend = 0, frame = 0
 310              		@ frame_needed = 0, uses_anonymous_args = 0
ARM GAS  C:\Users\rini\AppData\Local\Temp\ccHxFI8C.s 			page 8


 311              		@ link register save eliminated.
  97:Core/Src/syscalls.c **** 	st->st_mode = S_IFCHR;
 312              		.loc 1 97 2 view .LVU58
 313              		.loc 1 97 14 is_stmt 0 view .LVU59
 314 0000 8023     		movs	r3, #128
 315 0002 9B01     		lsls	r3, r3, #6
 316 0004 4B60     		str	r3, [r1, #4]
  98:Core/Src/syscalls.c **** 	return 0;
 317              		.loc 1 98 2 is_stmt 1 view .LVU60
  99:Core/Src/syscalls.c **** }
 318              		.loc 1 99 1 is_stmt 0 view .LVU61
 319 0006 0020     		movs	r0, #0
 320              	.LVL25:
 321              		.loc 1 99 1 view .LVU62
 322              		@ sp needed
 323 0008 7047     		bx	lr
 324              		.cfi_endproc
 325              	.LFE32:
 327              		.section	.text._isatty,"ax",%progbits
 328              		.align	1
 329              		.global	_isatty
 330              		.syntax unified
 331              		.code	16
 332              		.thumb_func
 334              	_isatty:
 335              	.LVL26:
 336              	.LFB33:
 100:Core/Src/syscalls.c **** 
 101:Core/Src/syscalls.c **** int _isatty(int file)
 102:Core/Src/syscalls.c **** {
 337              		.loc 1 102 1 is_stmt 1 view -0
 338              		.cfi_startproc
 339              		@ Function supports interworking.
 340              		@ args = 0, pretend = 0, frame = 0
 341              		@ frame_needed = 0, uses_anonymous_args = 0
 342              		@ link register save eliminated.
 103:Core/Src/syscalls.c **** 	return 1;
 343              		.loc 1 103 2 view .LVU64
 104:Core/Src/syscalls.c **** }
 344              		.loc 1 104 1 is_stmt 0 view .LVU65
 345 0000 0120     		movs	r0, #1
 346              	.LVL27:
 347              		.loc 1 104 1 view .LVU66
 348              		@ sp needed
 349 0002 7047     		bx	lr
 350              		.cfi_endproc
 351              	.LFE33:
 353              		.section	.text._lseek,"ax",%progbits
 354              		.align	1
 355              		.global	_lseek
 356              		.syntax unified
 357              		.code	16
 358              		.thumb_func
 360              	_lseek:
 361              	.LVL28:
 362              	.LFB34:
 105:Core/Src/syscalls.c **** 
ARM GAS  C:\Users\rini\AppData\Local\Temp\ccHxFI8C.s 			page 9


 106:Core/Src/syscalls.c **** int _lseek(int file, int ptr, int dir)
 107:Core/Src/syscalls.c **** {
 363              		.loc 1 107 1 is_stmt 1 view -0
 364              		.cfi_startproc
 365              		@ Function supports interworking.
 366              		@ args = 0, pretend = 0, frame = 0
 367              		@ frame_needed = 0, uses_anonymous_args = 0
 368              		@ link register save eliminated.
 108:Core/Src/syscalls.c **** 	return 0;
 369              		.loc 1 108 2 view .LVU68
 109:Core/Src/syscalls.c **** }
 370              		.loc 1 109 1 is_stmt 0 view .LVU69
 371 0000 0020     		movs	r0, #0
 372              	.LVL29:
 373              		.loc 1 109 1 view .LVU70
 374              		@ sp needed
 375 0002 7047     		bx	lr
 376              		.cfi_endproc
 377              	.LFE34:
 379              		.section	.text._open,"ax",%progbits
 380              		.align	1
 381              		.global	_open
 382              		.syntax unified
 383              		.code	16
 384              		.thumb_func
 386              	_open:
 387              	.LVL30:
 388              	.LFB35:
 110:Core/Src/syscalls.c **** 
 111:Core/Src/syscalls.c **** int _open(char *path, int flags, ...)
 112:Core/Src/syscalls.c **** {
 389              		.loc 1 112 1 is_stmt 1 view -0
 390              		.cfi_startproc
 391              		@ Function supports interworking.
 392              		@ args = 4, pretend = 12, frame = 0
 393              		@ frame_needed = 0, uses_anonymous_args = 1
 394              		@ link register save eliminated.
 395              		.loc 1 112 1 is_stmt 0 view .LVU72
 396 0000 0EB4     		push	{r1, r2, r3}
 397              	.LCFI4:
 398              		.cfi_def_cfa_offset 12
 113:Core/Src/syscalls.c **** 	/* Pretend like we always fail */
 114:Core/Src/syscalls.c **** 	return -1;
 399              		.loc 1 114 2 is_stmt 1 view .LVU73
 400              		.loc 1 114 9 is_stmt 0 view .LVU74
 401 0002 0120     		movs	r0, #1
 402              	.LVL31:
 115:Core/Src/syscalls.c **** }
 403              		.loc 1 115 1 view .LVU75
 404 0004 4042     		rsbs	r0, r0, #0
 405              		@ sp needed
 406 0006 03B0     		add	sp, sp, #12
 407 0008 7047     		bx	lr
 408              		.cfi_endproc
 409              	.LFE35:
 411              		.section	.text._wait,"ax",%progbits
 412              		.align	1
ARM GAS  C:\Users\rini\AppData\Local\Temp\ccHxFI8C.s 			page 10


 413              		.global	_wait
 414              		.syntax unified
 415              		.code	16
 416              		.thumb_func
 418              	_wait:
 419              	.LVL32:
 420              	.LFB36:
 116:Core/Src/syscalls.c **** 
 117:Core/Src/syscalls.c **** int _wait(int *status)
 118:Core/Src/syscalls.c **** {
 421              		.loc 1 118 1 is_stmt 1 view -0
 422              		.cfi_startproc
 423              		@ Function supports interworking.
 424              		@ args = 0, pretend = 0, frame = 0
 425              		@ frame_needed = 0, uses_anonymous_args = 0
 426              		.loc 1 118 1 is_stmt 0 view .LVU77
 427 0000 10B5     		push	{r4, lr}
 428              	.LCFI5:
 429              		.cfi_def_cfa_offset 8
 430              		.cfi_offset 4, -8
 431              		.cfi_offset 14, -4
 119:Core/Src/syscalls.c **** 	errno = ECHILD;
 432              		.loc 1 119 2 is_stmt 1 view .LVU78
 433 0002 FFF7FEFF 		bl	__errno
 434              	.LVL33:
 435              		.loc 1 119 8 is_stmt 0 view .LVU79
 436 0006 0A23     		movs	r3, #10
 437 0008 0360     		str	r3, [r0]
 120:Core/Src/syscalls.c **** 	return -1;
 438              		.loc 1 120 2 is_stmt 1 view .LVU80
 439              		.loc 1 120 9 is_stmt 0 view .LVU81
 440 000a 0120     		movs	r0, #1
 121:Core/Src/syscalls.c **** }
 441              		.loc 1 121 1 view .LVU82
 442 000c 4042     		rsbs	r0, r0, #0
 443              		@ sp needed
 444 000e 10BC     		pop	{r4}
 445 0010 02BC     		pop	{r1}
 446 0012 0847     		bx	r1
 447              		.cfi_endproc
 448              	.LFE36:
 450              		.section	.text._unlink,"ax",%progbits
 451              		.align	1
 452              		.global	_unlink
 453              		.syntax unified
 454              		.code	16
 455              		.thumb_func
 457              	_unlink:
 458              	.LVL34:
 459              	.LFB37:
 122:Core/Src/syscalls.c **** 
 123:Core/Src/syscalls.c **** int _unlink(char *name)
 124:Core/Src/syscalls.c **** {
 460              		.loc 1 124 1 is_stmt 1 view -0
 461              		.cfi_startproc
 462              		@ Function supports interworking.
 463              		@ args = 0, pretend = 0, frame = 0
ARM GAS  C:\Users\rini\AppData\Local\Temp\ccHxFI8C.s 			page 11


 464              		@ frame_needed = 0, uses_anonymous_args = 0
 465              		.loc 1 124 1 is_stmt 0 view .LVU84
 466 0000 10B5     		push	{r4, lr}
 467              	.LCFI6:
 468              		.cfi_def_cfa_offset 8
 469              		.cfi_offset 4, -8
 470              		.cfi_offset 14, -4
 125:Core/Src/syscalls.c **** 	errno = ENOENT;
 471              		.loc 1 125 2 is_stmt 1 view .LVU85
 472 0002 FFF7FEFF 		bl	__errno
 473              	.LVL35:
 474              		.loc 1 125 8 is_stmt 0 view .LVU86
 475 0006 0223     		movs	r3, #2
 476 0008 0360     		str	r3, [r0]
 126:Core/Src/syscalls.c **** 	return -1;
 477              		.loc 1 126 2 is_stmt 1 view .LVU87
 478              		.loc 1 126 9 is_stmt 0 view .LVU88
 479 000a 0120     		movs	r0, #1
 127:Core/Src/syscalls.c **** }
 480              		.loc 1 127 1 view .LVU89
 481 000c 4042     		rsbs	r0, r0, #0
 482              		@ sp needed
 483 000e 10BC     		pop	{r4}
 484 0010 02BC     		pop	{r1}
 485 0012 0847     		bx	r1
 486              		.cfi_endproc
 487              	.LFE37:
 489              		.section	.text._times,"ax",%progbits
 490              		.align	1
 491              		.global	_times
 492              		.syntax unified
 493              		.code	16
 494              		.thumb_func
 496              	_times:
 497              	.LVL36:
 498              	.LFB38:
 128:Core/Src/syscalls.c **** 
 129:Core/Src/syscalls.c **** int _times(struct tms *buf)
 130:Core/Src/syscalls.c **** {
 499              		.loc 1 130 1 is_stmt 1 view -0
 500              		.cfi_startproc
 501              		@ Function supports interworking.
 502              		@ args = 0, pretend = 0, frame = 0
 503              		@ frame_needed = 0, uses_anonymous_args = 0
 504              		@ link register save eliminated.
 131:Core/Src/syscalls.c **** 	return -1;
 505              		.loc 1 131 2 view .LVU91
 506              		.loc 1 131 9 is_stmt 0 view .LVU92
 507 0000 0120     		movs	r0, #1
 508              	.LVL37:
 132:Core/Src/syscalls.c **** }
 509              		.loc 1 132 1 view .LVU93
 510 0002 4042     		rsbs	r0, r0, #0
 511              		@ sp needed
 512 0004 7047     		bx	lr
 513              		.cfi_endproc
 514              	.LFE38:
ARM GAS  C:\Users\rini\AppData\Local\Temp\ccHxFI8C.s 			page 12


 516              		.section	.text._stat,"ax",%progbits
 517              		.align	1
 518              		.global	_stat
 519              		.syntax unified
 520              		.code	16
 521              		.thumb_func
 523              	_stat:
 524              	.LVL38:
 525              	.LFB39:
 133:Core/Src/syscalls.c **** 
 134:Core/Src/syscalls.c **** int _stat(char *file, struct stat *st)
 135:Core/Src/syscalls.c **** {
 526              		.loc 1 135 1 is_stmt 1 view -0
 527              		.cfi_startproc
 528              		@ Function supports interworking.
 529              		@ args = 0, pretend = 0, frame = 0
 530              		@ frame_needed = 0, uses_anonymous_args = 0
 531              		@ link register save eliminated.
 136:Core/Src/syscalls.c **** 	st->st_mode = S_IFCHR;
 532              		.loc 1 136 2 view .LVU95
 533              		.loc 1 136 14 is_stmt 0 view .LVU96
 534 0000 8023     		movs	r3, #128
 535 0002 9B01     		lsls	r3, r3, #6
 536 0004 4B60     		str	r3, [r1, #4]
 137:Core/Src/syscalls.c **** 	return 0;
 537              		.loc 1 137 2 is_stmt 1 view .LVU97
 138:Core/Src/syscalls.c **** }
 538              		.loc 1 138 1 is_stmt 0 view .LVU98
 539 0006 0020     		movs	r0, #0
 540              	.LVL39:
 541              		.loc 1 138 1 view .LVU99
 542              		@ sp needed
 543 0008 7047     		bx	lr
 544              		.cfi_endproc
 545              	.LFE39:
 547              		.section	.text._link,"ax",%progbits
 548              		.align	1
 549              		.global	_link
 550              		.syntax unified
 551              		.code	16
 552              		.thumb_func
 554              	_link:
 555              	.LVL40:
 556              	.LFB40:
 139:Core/Src/syscalls.c **** 
 140:Core/Src/syscalls.c **** int _link(char *old, char *new)
 141:Core/Src/syscalls.c **** {
 557              		.loc 1 141 1 is_stmt 1 view -0
 558              		.cfi_startproc
 559              		@ Function supports interworking.
 560              		@ args = 0, pretend = 0, frame = 0
 561              		@ frame_needed = 0, uses_anonymous_args = 0
 562              		.loc 1 141 1 is_stmt 0 view .LVU101
 563 0000 10B5     		push	{r4, lr}
 564              	.LCFI7:
 565              		.cfi_def_cfa_offset 8
 566              		.cfi_offset 4, -8
ARM GAS  C:\Users\rini\AppData\Local\Temp\ccHxFI8C.s 			page 13


 567              		.cfi_offset 14, -4
 142:Core/Src/syscalls.c **** 	errno = EMLINK;
 568              		.loc 1 142 2 is_stmt 1 view .LVU102
 569 0002 FFF7FEFF 		bl	__errno
 570              	.LVL41:
 571              		.loc 1 142 8 is_stmt 0 view .LVU103
 572 0006 1F23     		movs	r3, #31
 573 0008 0360     		str	r3, [r0]
 143:Core/Src/syscalls.c **** 	return -1;
 574              		.loc 1 143 2 is_stmt 1 view .LVU104
 575              		.loc 1 143 9 is_stmt 0 view .LVU105
 576 000a 0120     		movs	r0, #1
 144:Core/Src/syscalls.c **** }
 577              		.loc 1 144 1 view .LVU106
 578 000c 4042     		rsbs	r0, r0, #0
 579              		@ sp needed
 580 000e 10BC     		pop	{r4}
 581 0010 02BC     		pop	{r1}
 582 0012 0847     		bx	r1
 583              		.cfi_endproc
 584              	.LFE40:
 586              		.section	.text._fork,"ax",%progbits
 587              		.align	1
 588              		.global	_fork
 589              		.syntax unified
 590              		.code	16
 591              		.thumb_func
 593              	_fork:
 594              	.LFB41:
 145:Core/Src/syscalls.c **** 
 146:Core/Src/syscalls.c **** int _fork(void)
 147:Core/Src/syscalls.c **** {
 595              		.loc 1 147 1 is_stmt 1 view -0
 596              		.cfi_startproc
 597              		@ Function supports interworking.
 598              		@ args = 0, pretend = 0, frame = 0
 599              		@ frame_needed = 0, uses_anonymous_args = 0
 600 0000 10B5     		push	{r4, lr}
 601              	.LCFI8:
 602              		.cfi_def_cfa_offset 8
 603              		.cfi_offset 4, -8
 604              		.cfi_offset 14, -4
 148:Core/Src/syscalls.c **** 	errno = EAGAIN;
 605              		.loc 1 148 2 view .LVU108
 606 0002 FFF7FEFF 		bl	__errno
 607              	.LVL42:
 608              		.loc 1 148 8 is_stmt 0 view .LVU109
 609 0006 0B23     		movs	r3, #11
 610 0008 0360     		str	r3, [r0]
 149:Core/Src/syscalls.c **** 	return -1;
 611              		.loc 1 149 2 is_stmt 1 view .LVU110
 612              		.loc 1 149 9 is_stmt 0 view .LVU111
 613 000a 0120     		movs	r0, #1
 150:Core/Src/syscalls.c **** }
 614              		.loc 1 150 1 view .LVU112
 615 000c 4042     		rsbs	r0, r0, #0
 616              		@ sp needed
ARM GAS  C:\Users\rini\AppData\Local\Temp\ccHxFI8C.s 			page 14


 617 000e 10BC     		pop	{r4}
 618 0010 02BC     		pop	{r1}
 619 0012 0847     		bx	r1
 620              		.cfi_endproc
 621              	.LFE41:
 623              		.section	.text._execve,"ax",%progbits
 624              		.align	1
 625              		.global	_execve
 626              		.syntax unified
 627              		.code	16
 628              		.thumb_func
 630              	_execve:
 631              	.LVL43:
 632              	.LFB42:
 151:Core/Src/syscalls.c **** 
 152:Core/Src/syscalls.c **** int _execve(char *name, char **argv, char **env)
 153:Core/Src/syscalls.c **** {
 633              		.loc 1 153 1 is_stmt 1 view -0
 634              		.cfi_startproc
 635              		@ Function supports interworking.
 636              		@ args = 0, pretend = 0, frame = 0
 637              		@ frame_needed = 0, uses_anonymous_args = 0
 638              		.loc 1 153 1 is_stmt 0 view .LVU114
 639 0000 10B5     		push	{r4, lr}
 640              	.LCFI9:
 641              		.cfi_def_cfa_offset 8
 642              		.cfi_offset 4, -8
 643              		.cfi_offset 14, -4
 154:Core/Src/syscalls.c **** 	errno = ENOMEM;
 644              		.loc 1 154 2 is_stmt 1 view .LVU115
 645 0002 FFF7FEFF 		bl	__errno
 646              	.LVL44:
 647              		.loc 1 154 8 is_stmt 0 view .LVU116
 648 0006 0C23     		movs	r3, #12
 649 0008 0360     		str	r3, [r0]
 155:Core/Src/syscalls.c **** 	return -1;
 650              		.loc 1 155 2 is_stmt 1 view .LVU117
 651              		.loc 1 155 9 is_stmt 0 view .LVU118
 652 000a 0120     		movs	r0, #1
 156:Core/Src/syscalls.c **** }
 653              		.loc 1 156 1 view .LVU119
 654 000c 4042     		rsbs	r0, r0, #0
 655              		@ sp needed
 656 000e 10BC     		pop	{r4}
 657 0010 02BC     		pop	{r1}
 658 0012 0847     		bx	r1
 659              		.cfi_endproc
 660              	.LFE42:
 662              		.global	environ
 663              		.global	__env
 664              		.section	.bss.__env,"aw",%nobits
 665              		.align	2
 668              	__env:
 669 0000 00000000 		.space	4
 670              		.section	.data.environ,"aw"
 671              		.align	2
 674              	environ:
ARM GAS  C:\Users\rini\AppData\Local\Temp\ccHxFI8C.s 			page 15


 675 0000 00000000 		.word	__env
 676              		.weak	__io_putchar
 677              		.weak	__io_getchar
 678              		.text
 679              	.Letext0:
 680              		.file 2 "c:\\users\\rini\\appdata\\roaming\\code\\user\\globalstorage\\bmd.stm32-for-vscode\\@xpac
 681              		.file 3 "c:\\users\\rini\\appdata\\roaming\\code\\user\\globalstorage\\bmd.stm32-for-vscode\\@xpac
 682              		.file 4 "c:\\users\\rini\\appdata\\roaming\\code\\user\\globalstorage\\bmd.stm32-for-vscode\\@xpac
 683              		.file 5 "c:\\users\\rini\\appdata\\roaming\\code\\user\\globalstorage\\bmd.stm32-for-vscode\\@xpac
 684              		.file 6 "c:\\users\\rini\\appdata\\roaming\\code\\user\\globalstorage\\bmd.stm32-for-vscode\\@xpac
 685              		.file 7 "c:\\users\\rini\\appdata\\roaming\\code\\user\\globalstorage\\bmd.stm32-for-vscode\\@xpac
 686              		.file 8 "c:\\users\\rini\\appdata\\roaming\\code\\user\\globalstorage\\bmd.stm32-for-vscode\\@xpac
 687              		.file 9 "c:\\users\\rini\\appdata\\roaming\\code\\user\\globalstorage\\bmd.stm32-for-vscode\\@xpac
ARM GAS  C:\Users\rini\AppData\Local\Temp\ccHxFI8C.s 			page 16


DEFINED SYMBOLS
                            *ABS*:0000000000000000 syscalls.c
C:\Users\rini\AppData\Local\Temp\ccHxFI8C.s:24     .text.initialise_monitor_handles:0000000000000000 initialise_monitor_handles
C:\Users\rini\AppData\Local\Temp\ccHxFI8C.s:35     .text.initialise_monitor_handles:0000000000000000 $t
C:\Users\rini\AppData\Local\Temp\ccHxFI8C.s:40     .text._getpid:0000000000000000 $t
C:\Users\rini\AppData\Local\Temp\ccHxFI8C.s:46     .text._getpid:0000000000000000 _getpid
C:\Users\rini\AppData\Local\Temp\ccHxFI8C.s:63     .text._kill:0000000000000000 $t
C:\Users\rini\AppData\Local\Temp\ccHxFI8C.s:69     .text._kill:0000000000000000 _kill
C:\Users\rini\AppData\Local\Temp\ccHxFI8C.s:102    .text._exit:0000000000000000 $t
C:\Users\rini\AppData\Local\Temp\ccHxFI8C.s:108    .text._exit:0000000000000000 _exit
C:\Users\rini\AppData\Local\Temp\ccHxFI8C.s:137    .text._read:0000000000000000 $t
C:\Users\rini\AppData\Local\Temp\ccHxFI8C.s:143    .text._read:0000000000000000 _read
C:\Users\rini\AppData\Local\Temp\ccHxFI8C.s:203    .text._write:0000000000000000 $t
C:\Users\rini\AppData\Local\Temp\ccHxFI8C.s:209    .text._write:0000000000000000 _write
C:\Users\rini\AppData\Local\Temp\ccHxFI8C.s:270    .text._close:0000000000000000 $t
C:\Users\rini\AppData\Local\Temp\ccHxFI8C.s:276    .text._close:0000000000000000 _close
C:\Users\rini\AppData\Local\Temp\ccHxFI8C.s:297    .text._fstat:0000000000000000 $t
C:\Users\rini\AppData\Local\Temp\ccHxFI8C.s:303    .text._fstat:0000000000000000 _fstat
C:\Users\rini\AppData\Local\Temp\ccHxFI8C.s:328    .text._isatty:0000000000000000 $t
C:\Users\rini\AppData\Local\Temp\ccHxFI8C.s:334    .text._isatty:0000000000000000 _isatty
C:\Users\rini\AppData\Local\Temp\ccHxFI8C.s:354    .text._lseek:0000000000000000 $t
C:\Users\rini\AppData\Local\Temp\ccHxFI8C.s:360    .text._lseek:0000000000000000 _lseek
C:\Users\rini\AppData\Local\Temp\ccHxFI8C.s:380    .text._open:0000000000000000 $t
C:\Users\rini\AppData\Local\Temp\ccHxFI8C.s:386    .text._open:0000000000000000 _open
C:\Users\rini\AppData\Local\Temp\ccHxFI8C.s:412    .text._wait:0000000000000000 $t
C:\Users\rini\AppData\Local\Temp\ccHxFI8C.s:418    .text._wait:0000000000000000 _wait
C:\Users\rini\AppData\Local\Temp\ccHxFI8C.s:451    .text._unlink:0000000000000000 $t
C:\Users\rini\AppData\Local\Temp\ccHxFI8C.s:457    .text._unlink:0000000000000000 _unlink
C:\Users\rini\AppData\Local\Temp\ccHxFI8C.s:490    .text._times:0000000000000000 $t
C:\Users\rini\AppData\Local\Temp\ccHxFI8C.s:496    .text._times:0000000000000000 _times
C:\Users\rini\AppData\Local\Temp\ccHxFI8C.s:517    .text._stat:0000000000000000 $t
C:\Users\rini\AppData\Local\Temp\ccHxFI8C.s:523    .text._stat:0000000000000000 _stat
C:\Users\rini\AppData\Local\Temp\ccHxFI8C.s:548    .text._link:0000000000000000 $t
C:\Users\rini\AppData\Local\Temp\ccHxFI8C.s:554    .text._link:0000000000000000 _link
C:\Users\rini\AppData\Local\Temp\ccHxFI8C.s:587    .text._fork:0000000000000000 $t
C:\Users\rini\AppData\Local\Temp\ccHxFI8C.s:593    .text._fork:0000000000000000 _fork
C:\Users\rini\AppData\Local\Temp\ccHxFI8C.s:624    .text._execve:0000000000000000 $t
C:\Users\rini\AppData\Local\Temp\ccHxFI8C.s:630    .text._execve:0000000000000000 _execve
C:\Users\rini\AppData\Local\Temp\ccHxFI8C.s:674    .data.environ:0000000000000000 environ
C:\Users\rini\AppData\Local\Temp\ccHxFI8C.s:668    .bss.__env:0000000000000000 __env
C:\Users\rini\AppData\Local\Temp\ccHxFI8C.s:665    .bss.__env:0000000000000000 $d
C:\Users\rini\AppData\Local\Temp\ccHxFI8C.s:671    .data.environ:0000000000000000 $d

UNDEFINED SYMBOLS
__errno
__io_getchar
__io_putchar
